<?xml version="1.0" encoding="UTF-8"?>
<!-- Generated by org.testng.reporters.JUnitReportReporter -->
<testsuite skipped="0" hostname="DESKTOP-UMD4IC6" name="com.restassured.qa.test.GetCallBDD" tests="1" failures="0" timestamp="2020-03-26T04:12:27 IST" time="4.473" errors="0">
  <testcase name="validateRequestResponse" time="4.473" classname="com.restassured.qa.test.GetCallBDD"/>
  <system-out/>
</testsuite> <!-- com.restassured.qa.test.GetCallBDD -->
