<?xml version="1.0" encoding="UTF-8"?>
<!-- Generated by org.testng.reporters.JUnitReportReporter -->
<testsuite skipped="0" hostname="DESKTOP-UMD4IC6" name="com.restassured.qa.test.ComplexJsonParsing" tests="1" failures="0" timestamp="2020-03-27T03:37:04 IST" time="2.140" errors="0">
  <testcase name="validateComplexJson" time="2.140" classname="com.restassured.qa.test.ComplexJsonParsing"/>
  <system-out/>
</testsuite> <!-- com.restassured.qa.test.ComplexJsonParsing -->
